<?xml version="1.0" encoding="UTF-8"?>
<testsuite name="com.bjtu.redis.jedis.JedisInstanceTest" time="2.324" tests="1" errors="1" skipped="0" failures="0">
  <properties>
[...]
</properties>
  <testcase name="test" classname="com.bjtu.redis.jedis.JedisInstanceTest" time="2.324">
    <error message="Could not get a resource from the pool" type="redis.clients.jedis.exceptions.JedisConnectionException">redis.clients.jedis.exceptions.JedisConnectionException: Could not get a resource from the pool
	at java.base/java.net.PlainSocketImpl.waitForConnect(Native Method)
	at java.base/java.net.PlainSocketImpl.socketConnect(PlainSocketImpl.java:107)
	at java.base/java.net.AbstractPlainSocketImpl.doConnect(AbstractPlainSocketImpl.java:399)
	at java.base/java.net.AbstractPlainSocketImpl.connectToAddress(AbstractPlainSocketImpl.java:242)
	at java.base/java.net.AbstractPlainSocketImpl.connect(AbstractPlainSocketImpl.java:224)
	at java.base/java.net.SocksSocketImpl.connect(SocksSocketImpl.java:403)
	at java.base/java.net.Socket.connect(Socket.java:609)
	at redis.clients.jedis.Connection.connect(Connection.java:184)
	at redis.clients.jedis.BinaryClient.connect(BinaryClient.java:93)
	at redis.clients.jedis.BinaryJedis.connect(BinaryJedis.java:1767)
	at redis.clients.jedis.JedisFactory.makeObject(JedisFactory.java:106)
	at org.apache.commons.pool2.impl.GenericObjectPool.create(GenericObjectPool.java:888)
	at org.apache.commons.pool2.impl.GenericObjectPool.borrowObject(GenericObjectPool.java:432)
	at org.apache.commons.pool2.impl.GenericObjectPool.borrowObject(GenericObjectPool.java:361)
	at redis.clients.util.Pool.getResource(Pool.java:49)
	at redis.clients.jedis.JedisPool.getResource(JedisPool.java:226)
	at com.bjtu.redis.jedis.JedisInstanceTest.test(JedisInstanceTest.java:16)
</error>
    <system-out><![CDATA[20:42:09.417 [main] DEBUG org.springframework.test.context.junit4.SpringJUnit4ClassRunner - SpringJUnit4ClassRunner constructor called with [class com.bjtu.redis.RedisDemoApplicationTests]
20:42:09.426 [main] DEBUG org.springframework.test.context.BootstrapUtils - Instantiating CacheAwareContextLoaderDelegate from class [org.springframework.test.context.cache.DefaultCacheAwareContextLoaderDelegate]
20:42:09.441 [main] DEBUG org.springframework.test.context.BootstrapUtils - Instantiating BootstrapContext using constructor [public org.springframework.test.context.support.DefaultBootstrapContext(java.lang.Class,org.springframework.test.context.CacheAwareContextLoaderDelegate)]
20:42:09.463 [main] DEBUG org.springframework.test.context.BootstrapUtils - Instantiating TestContextBootstrapper for test class [com.bjtu.redis.RedisDemoApplicationTests] from class [org.springframework.boot.test.context.SpringBootTestContextBootstrapper]
20:42:09.485 [main] INFO org.springframework.boot.test.context.SpringBootTestContextBootstrapper - Neither @ContextConfiguration nor @ContextHierarchy found for test class [com.bjtu.redis.RedisDemoApplicationTests], using SpringBootContextLoader
20:42:09.489 [main] DEBUG org.springframework.test.context.support.AbstractContextLoader - Did not detect default resource location for test class [com.bjtu.redis.RedisDemoApplicationTests]: class path resource [com/bjtu/redis/RedisDemoApplicationTests-context.xml] does not exist
20:42:09.490 [main] DEBUG org.springframework.test.context.support.AbstractContextLoader - Did not detect default resource location for test class [com.bjtu.redis.RedisDemoApplicationTests]: class path resource [com/bjtu/redis/RedisDemoApplicationTestsContext.groovy] does not exist
20:42:09.490 [main] INFO org.springframework.test.context.support.AbstractContextLoader - Could not detect default resource locations for test class [com.bjtu.redis.RedisDemoApplicationTests]: no resource found for suffixes {-context.xml, Context.groovy}.
20:42:09.491 [main] INFO org.springframework.test.context.support.AnnotationConfigContextLoaderUtils - Could not detect default configuration classes for test class [com.bjtu.redis.RedisDemoApplicationTests]: RedisDemoApplicationTests does not declare any static, non-private, non-final, nested classes annotated with @Configuration.
20:42:09.537 [main] DEBUG org.springframework.test.context.support.ActiveProfilesUtils - Could not find an 'annotation declaring class' for annotation type [org.springframework.test.context.ActiveProfiles] and class [com.bjtu.redis.RedisDemoApplicationTests]
20:42:09.548 [main] DEBUG org.springframework.core.env.StandardEnvironment - Adding PropertySource 'systemProperties' with lowest search precedence
20:42:09.551 [main] DEBUG org.springframework.core.env.StandardEnvironment - Adding PropertySource 'systemEnvironment' with lowest search precedence
20:42:09.552 [main] DEBUG org.springframework.core.env.StandardEnvironment - Initialized StandardEnvironment with PropertySources [MapPropertySource@550752602 {name='systemProperties', properties={sun.desktop=windows, awt.toolkit=sun.awt.windows.WToolkit, java.specification.version=11, sun.cpu.isalist=amd64, sun.jnu.encoding=GBK, java.class.path=D:\workspace\JAVA\redis-demo\target\test-classes;D:\workspace\JAVA\redis-demo\target\classes;D:\Program Files\apache-maven-3.6.3-bin\apache-maven-3.6.3\repository\org\springframework\boot\spring-boot-starter-data-redis\1.5.12.RELEASE\spring-boot-starter-data-redis-1.5.12.RELEASE.jar;D:\Program Files\apache-maven-3.6.3-bin\apache-maven-3.6.3\repository\org\springframework\boot\spring-boot-starter\1.5.12.RELEASE\spring-boot-starter-1.5.12.RELEASE.jar;D:\Program Files\apache-maven-3.6.3-bin\apache-maven-3.6.3\repository\org\springframework\boot\spring-boot\1.5.12.RELEASE\spring-boot-1.5.12.RELEASE.jar;D:\Program Files\apache-maven-3.6.3-bin\apache-maven-3.6.3\repository\org\springframework\spring-context\4.3.16.RELEASE\spring-context-4.3.16.RELEASE.jar;D:\Program Files\apache-maven-3.6.3-bin\apache-maven-3.6.3\repository\org\springframework\spring-expression\4.3.16.RELEASE\spring-expression-4.3.16.RELEASE.jar;D:\Program Files\apache-maven-3.6.3-bin\apache-maven-3.6.3\repository\org\springframework\boot\spring-boot-autoconfigure\1.5.12.RELEASE\spring-boot-autoconfigure-1.5.12.RELEASE.jar;D:\Program Files\apache-maven-3.6.3-bin\apache-maven-3.6.3\repository\org\springframework\boot\spring-boot-starter-logging\1.5.12.RELEASE\spring-boot-starter-logging-1.5.12.RELEASE.jar;D:\Program Files\apache-maven-3.6.3-bin\apache-maven-3.6.3\repository\ch\qos\logback\logback-classic\1.1.11\logback-classic-1.1.11.jar;D:\Program Files\apache-maven-3.6.3-bin\apache-maven-3.6.3\repository\ch\qos\logback\logback-core\1.1.11\logback-core-1.1.11.jar;D:\Program Files\apache-maven-3.6.3-bin\apache-maven-3.6.3\repository\org\slf4j\jul-to-slf4j\1.7.25\jul-to-slf4j-1.7.25.jar;D:\Program Files\apache-maven-3.6.3-bin\apache-maven-3.6.3\repository\org\slf4j\log4j-over-slf4j\1.7.25\log4j-over-slf4j-1.7.25.jar;D:\Program Files\apache-maven-3.6.3-bin\apache-maven-3.6.3\repository\org\yaml\snakeyaml\1.17\snakeyaml-1.17.jar;D:\Program Files\apache-maven-3.6.3-bin\apache-maven-3.6.3\repository\org\springframework\data\spring-data-redis\1.8.11.RELEASE\spring-data-redis-1.8.11.RELEASE.jar;D:\Program Files\apache-maven-3.6.3-bin\apache-maven-3.6.3\repository\org\springframework\data\spring-data-keyvalue\1.2.11.RELEASE\spring-data-keyvalue-1.2.11.RELEASE.jar;D:\Program Files\apache-maven-3.6.3-bin\apache-maven-3.6.3\repository\org\springframework\data\spring-data-commons\1.13.11.RELEASE\spring-data-commons-1.13.11.RELEASE.jar;D:\Program Files\apache-maven-3.6.3-bin\apache-maven-3.6.3\repository\org\springframework\spring-tx\4.3.16.RELEASE\spring-tx-4.3.16.RELEASE.jar;D:\Program Files\apache-maven-3.6.3-bin\apache-maven-3.6.3\repository\org\springframework\spring-beans\4.3.16.RELEASE\spring-beans-4.3.16.RELEASE.jar;D:\Program Files\apache-maven-3.6.3-bin\apache-maven-3.6.3\repository\org\springframework\spring-oxm\4.3.16.RELEASE\spring-oxm-4.3.16.RELEASE.jar;D:\Program Files\apache-maven-3.6.3-bin\apache-maven-3.6.3\repository\org\springframework\spring-aop\4.3.16.RELEASE\spring-aop-4.3.16.RELEASE.jar;D:\Program Files\apache-maven-3.6.3-bin\apache-maven-3.6.3\repository\org\springframework\spring-context-support\4.3.16.RELEASE\spring-context-support-4.3.16.RELEASE.jar;D:\Program Files\apache-maven-3.6.3-bin\apache-maven-3.6.3\repository\org\slf4j\slf4j-api\1.7.25\slf4j-api-1.7.25.jar;D:\Program Files\apache-maven-3.6.3-bin\apache-maven-3.6.3\repository\org\slf4j\jcl-over-slf4j\1.7.25\jcl-over-slf4j-1.7.25.jar;D:\Program Files\apache-maven-3.6.3-bin\apache-maven-3.6.3\repository\org\springframework\boot\spring-boot-starter-test\1.5.12.RELEASE\spring-boot-starter-test-1.5.12.RELEASE.jar;D:\Program Files\apache-maven-3.6.3-bin\apache-maven-3.6.3\repository\org\springframework\boot\spring-boot-test\1.5.12.RELEASE\spring-boot-test-1.5.12.RELEASE.jar;D:\Program Files\apache-maven-3.6.3-bin\apache-maven-3.6.3\repository\org\springframework\boot\spring-boot-test-autoconfigure\1.5.12.RELEASE\spring-boot-test-autoconfigure-1.5.12.RELEASE.jar;D:\Program Files\apache-maven-3.6.3-bin\apache-maven-3.6.3\repository\com\jayway\jsonpath\json-path\2.2.0\json-path-2.2.0.jar;D:\Program Files\apache-maven-3.6.3-bin\apache-maven-3.6.3\repository\junit\junit\4.12\junit-4.12.jar;D:\Program Files\apache-maven-3.6.3-bin\apache-maven-3.6.3\repository\org\assertj\assertj-core\2.6.0\assertj-core-2.6.0.jar;D:\Program Files\apache-maven-3.6.3-bin\apache-maven-3.6.3\repository\org\mockito\mockito-core\1.10.19\mockito-core-1.10.19.jar;D:\Program Files\apache-maven-3.6.3-bin\apache-maven-3.6.3\repository\org\objenesis\objenesis\2.1\objenesis-2.1.jar;D:\Program Files\apache-maven-3.6.3-bin\apache-maven-3.6.3\repository\org\hamcrest\hamcrest-core\1.3\hamcrest-core-1.3.jar;D:\Program Files\apache-maven-3.6.3-bin\apache-maven-3.6.3\repository\org\hamcrest\hamcrest-library\1.3\hamcrest-library-1.3.jar;D:\Program Files\apache-maven-3.6.3-bin\apache-maven-3.6.3\repository\org\skyscreamer\jsonassert\1.4.0\jsonassert-1.4.0.jar;D:\Program Files\apache-maven-3.6.3-bin\apache-maven-3.6.3\repository\com\vaadin\external\google\android-json\0.0.20131108.vaadin1\android-json-0.0.20131108.vaadin1.jar;D:\Program Files\apache-maven-3.6.3-bin\apache-maven-3.6.3\repository\org\springframework\spring-core\4.3.16.RELEASE\spring-core-4.3.16.RELEASE.jar;D:\Program Files\apache-maven-3.6.3-bin\apache-maven-3.6.3\repository\org\springframework\spring-test\4.3.16.RELEASE\spring-test-4.3.16.RELEASE.jar;D:\Program Files\apache-maven-3.6.3-bin\apache-maven-3.6.3\repository\redis\clients\jedis\2.9.0\jedis-2.9.0.jar;D:\Program Files\apache-maven-3.6.3-bin\apache-maven-3.6.3\repository\org\apache\commons\commons-pool2\2.4.3\commons-pool2-2.4.3.jar;D:\Program Files\apache-maven-3.6.3-bin\apache-maven-3.6.3\repository\commons-io\commons-io\2.6\commons-io-2.6.jar;D:\Program Files\apache-maven-3.6.3-bin\apache-maven-3.6.3\repository\com\alibaba\fastjson\1.2.73\fastjson-1.2.73.jar;D:\Program Files\apache-maven-3.6.3-bin\apache-maven-3.6.3\repository\net\minidev\json-smart\2.2.1\json-smart-2.2.1.jar;D:\Program Files\apache-maven-3.6.3-bin\apache-maven-3.6.3\repository\net\minidev\accessors-smart\1.1\accessors-smart-1.1.jar;D:\Program Files\apache-maven-3.6.3-bin\apache-maven-3.6.3\repository\org\ow2\asm\asm\5.0.3\asm-5.0.3.jar;, java.vm.vendor=JetBrains s.r.o, sun.arch.data.model=64, user.variant=, java.vendor.url=https://www.jetbrains.com/, user.timezone=Asia/Shanghai, os.name=Windows 10, java.vm.specification.version=11, sun.java.launcher=SUN_STANDARD, user.country=CN, sun.boot.library.path=D:\Download\IntelliJ IDEA 2019.3.3\jbr\bin, sun.java.command=D:\workspace\JAVA\redis-demo\target\surefire\surefirebooter13593573279032062091.jar D:\workspace\JAVA\redis-demo\target\surefire\surefire10984698409706436999tmp D:\workspace\JAVA\redis-demo\target\surefire\surefire_08849653709617217218tmp, jdk.debug=release, surefire.test.class.path=D:\workspace\JAVA\redis-demo\target\test-classes;D:\workspace\JAVA\redis-demo\target\classes;D:\Program Files\apache-maven-3.6.3-bin\apache-maven-3.6.3\repository\org\springframework\boot\spring-boot-starter-data-redis\1.5.12.RELEASE\spring-boot-starter-data-redis-1.5.12.RELEASE.jar;D:\Program Files\apache-maven-3.6.3-bin\apache-maven-3.6.3\repository\org\springframework\boot\spring-boot-starter\1.5.12.RELEASE\spring-boot-starter-1.5.12.RELEASE.jar;D:\Program Files\apache-maven-3.6.3-bin\apache-maven-3.6.3\repository\org\springframework\boot\spring-boot\1.5.12.RELEASE\spring-boot-1.5.12.RELEASE.jar;D:\Program Files\apache-maven-3.6.3-bin\apache-maven-3.6.3\repository\org\springframework\spring-context\4.3.16.RELEASE\spring-context-4.3.16.RELEASE.jar;D:\Program Files\apache-maven-3.6.3-bin\apache-maven-3.6.3\repository\org\springframework\spring-expression\4.3.16.RELEASE\spring-expression-4.3.16.RELEASE.jar;D:\Program Files\apache-maven-3.6.3-bin\apache-maven-3.6.3\repository\org\springframework\boot\spring-boot-autoconfigure\1.5.12.RELEASE\spring-boot-autoconfigure-1.5.12.RELEASE.jar;D:\Program Files\apache-maven-3.6.3-bin\apache-maven-3.6.3\repository\org\springframework\boot\spring-boot-starter-logging\1.5.12.RELEASE\spring-boot-starter-logging-1.5.12.RELEASE.jar;D:\Program Files\apache-maven-3.6.3-bin\apache-maven-3.6.3\repository\ch\qos\logback\logback-classic\1.1.11\logback-classic-1.1.11.jar;D:\Program Files\apache-maven-3.6.3-bin\apache-maven-3.6.3\repository\ch\qos\logback\logback-core\1.1.11\logback-core-1.1.11.jar;D:\Program Files\apache-maven-3.6.3-bin\apache-maven-3.6.3\repository\org\slf4j\jul-to-slf4j\1.7.25\jul-to-slf4j-1.7.25.jar;D:\Program Files\apache-maven-3.6.3-bin\apache-maven-3.6.3\repository\org\slf4j\log4j-over-slf4j\1.7.25\log4j-over-slf4j-1.7.25.jar;D:\Program Files\apache-maven-3.6.3-bin\apache-maven-3.6.3\repository\org\yaml\snakeyaml\1.17\snakeyaml-1.17.jar;D:\Program Files\apache-maven-3.6.3-bin\apache-maven-3.6.3\repository\org\springframework\data\spring-data-redis\1.8.11.RELEASE\spring-data-redis-1.8.11.RELEASE.jar;D:\Program Files\apache-maven-3.6.3-bin\apache-maven-3.6.3\repository\org\springframework\data\spring-data-keyvalue\1.2.11.RELEASE\spring-data-keyvalue-1.2.11.RELEASE.jar;D:\Program Files\apache-maven-3.6.3-bin\apache-maven-3.6.3\repository\org\springframework\data\spring-data-commons\1.13.11.RELEASE\spring-data-commons-1.13.11.RELEASE.jar;D:\Program Files\apache-maven-3.6.3-bin\apache-maven-3.6.3\repository\org\springframework\spring-tx\4.3.16.RELEASE\spring-tx-4.3.16.RELEASE.jar;D:\Program Files\apache-maven-3.6.3-bin\apache-maven-3.6.3\repository\org\springframework\spring-beans\4.3.16.RELEASE\spring-beans-4.3.16.RELEASE.jar;D:\Program Files\apache-maven-3.6.3-bin\apache-maven-3.6.3\repository\org\springframework\spring-oxm\4.3.16.RELEASE\spring-oxm-4.3.16.RELEASE.jar;D:\Program Files\apache-maven-3.6.3-bin\apache-maven-3.6.3\repository\org\springframework\spring-aop\4.3.16.RELEASE\spring-aop-4.3.16.RELEASE.jar;D:\Program Files\apache-maven-3.6.3-bin\apache-maven-3.6.3\repository\org\springframework\spring-context-support\4.3.16.RELEASE\spring-context-support-4.3.16.RELEASE.jar;D:\Program Files\apache-maven-3.6.3-bin\apache-maven-3.6.3\repository\org\slf4j\slf4j-api\1.7.25\slf4j-api-1.7.25.jar;D:\Program Files\apache-maven-3.6.3-bin\apache-maven-3.6.3\repository\org\slf4j\jcl-over-slf4j\1.7.25\jcl-over-slf4j-1.7.25.jar;D:\Program Files\apache-maven-3.6.3-bin\apache-maven-3.6.3\repository\org\springframework\boot\spring-boot-starter-test\1.5.12.RELEASE\spring-boot-starter-test-1.5.12.RELEASE.jar;D:\Program Files\apache-maven-3.6.3-bin\apache-maven-3.6.3\repository\org\springframework\boot\spring-boot-test\1.5.12.RELEASE\spring-boot-test-1.5.12.RELEASE.jar;D:\Program Files\apache-maven-3.6.3-bin\apache-maven-3.6.3\repository\org\springframework\boot\spring-boot-test-autoconfigure\1.5.12.RELEASE\spring-boot-test-autoconfigure-1.5.12.RELEASE.jar;D:\Program Files\apache-maven-3.6.3-bin\apache-maven-3.6.3\repository\com\jayway\jsonpath\json-path\2.2.0\json-path-2.2.0.jar;D:\Program Files\apache-maven-3.6.3-bin\apache-maven-3.6.3\repository\junit\junit\4.12\junit-4.12.jar;D:\Program Files\apache-maven-3.6.3-bin\apache-maven-3.6.3\repository\org\assertj\assertj-core\2.6.0\assertj-core-2.6.0.jar;D:\Program Files\apache-maven-3.6.3-bin\apache-maven-3.6.3\repository\org\mockito\mockito-core\1.10.19\mockito-core-1.10.19.jar;D:\Program Files\apache-maven-3.6.3-bin\apache-maven-3.6.3\repository\org\objenesis\objenesis\2.1\objenesis-2.1.jar;D:\Program Files\apache-maven-3.6.3-bin\apache-maven-3.6.3\repository\org\hamcrest\hamcrest-core\1.3\hamcrest-core-1.3.jar;D:\Program Files\apache-maven-3.6.3-bin\apache-maven-3.6.3\repository\org\hamcrest\hamcrest-library\1.3\hamcrest-library-1.3.jar;D:\Program Files\apache-maven-3.6.3-bin\apache-maven-3.6.3\repository\org\skyscreamer\jsonassert\1.4.0\jsonassert-1.4.0.jar;D:\Program Files\apache-maven-3.6.3-bin\apache-maven-3.6.3\repository\com\vaadin\external\google\android-json\0.0.20131108.vaadin1\android-json-0.0.20131108.vaadin1.jar;D:\Program Files\apache-maven-3.6.3-bin\apache-maven-3.6.3\repository\org\springframework\spring-core\4.3.16.RELEASE\spring-core-4.3.16.RELEASE.jar;D:\Program Files\apache-maven-3.6.3-bin\apache-maven-3.6.3\repository\org\springframework\spring-test\4.3.16.RELEASE\spring-test-4.3.16.RELEASE.jar;D:\Program Files\apache-maven-3.6.3-bin\apache-maven-3.6.3\repository\redis\clients\jedis\2.9.0\jedis-2.9.0.jar;D:\Program Files\apache-maven-3.6.3-bin\apache-maven-3.6.3\repository\org\apache\commons\commons-pool2\2.4.3\commons-pool2-2.4.3.jar;D:\Program Files\apache-maven-3.6.3-bin\apache-maven-3.6.3\repository\commons-io\commons-io\2.6\commons-io-2.6.jar;D:\Program Files\apache-maven-3.6.3-bin\apache-maven-3.6.3\repository\com\alibaba\fastjson\1.2.73\fastjson-1.2.73.jar;D:\Program Files\apache-maven-3.6.3-bin\apache-maven-3.6.3\repository\net\minidev\json-smart\2.2.1\json-smart-2.2.1.jar;D:\Program Files\apache-maven-3.6.3-bin\apache-maven-3.6.3\repository\net\minidev\accessors-smart\1.1\accessors-smart-1.1.jar;D:\Program Files\apache-maven-3.6.3-bin\apache-maven-3.6.3\repository\org\ow2\asm\asm\5.0.3\asm-5.0.3.jar;, sun.cpu.endian=little, user.home=C:\Users\Lenovo, user.language=zh, java.specification.vendor=Oracle Corporation, java.version.date=2019-10-15, java.home=D:\Download\IntelliJ IDEA 2019.3.3\jbr, file.separator=\, basedir=D:\workspace\JAVA\redis-demo, java.vm.compressedOopsMode=32-bit, line.separator=
, java.specification.name=Java Platform API Specification, java.vm.specification.vendor=Oracle Corporation, java.awt.graphicsenv=sun.awt.Win32GraphicsEnvironment, surefire.real.class.path=D:\workspace\JAVA\redis-demo\target\surefire\surefirebooter13593573279032062091.jar, user.script=, sun.management.compiler=HotSpot 64-Bit Tiered Compilers, java.runtime.version=11.0.5+10-b520.38, user.name=Lenovo, path.separator=;, os.version=10.0, java.runtime.name=OpenJDK Runtime Environment, file.encoding=GBK, java.vm.name=OpenJDK 64-Bit Server VM, localRepository=D:\Program Files\apache-maven-3.6.3-bin\apache-maven-3.6.3\repository, java.vendor.url.bug=https://youtrack.jetbrains.com, java.io.tmpdir=C:\Users\Lenovo\AppData\Local\Temp\, java.version=11.0.5, user.dir=D:\workspace\JAVA\redis-demo, os.arch=amd64, java.vm.specification.name=Java Virtual Machine Specification, java.awt.printerjob=sun.awt.windows.WPrinterJob, sun.os.patch.level=, idea.version2019.3.3=true, java.library.path=D:\Download\IntelliJ IDEA 2019.3.3\jbr\bin;C:\WINDOWS\Sun\Java\bin;C:\WINDOWS\system32;C:\WINDOWS;D:\app\Lenovo\product\12.1.0\dbhome_1\bin;C:\Program Files (x86)\Common Files\Oracle\Java\javapath;D:\MyDownloads\python\Scripts\;D:\MyDownloads\python\;C:\Program Files (x86)\Intel\iCLS Client\;C:\Program Files\Intel\iCLS Client\;C:\Windows\system32;C:\Windows;C:\Windows\System32\Wbem;C:\Windows\System32\WindowsPowerShell\v1.0\;C:\Program Files (x86)\NVIDIA Corporation\PhysX\Common;C:\Program Files (x86)\Intel\Intel(R) Management Engine Components\DAL;C:\Program Files\Intel\Intel(R) Management Engine Components\DAL;C:\Program Files (x86)\Intel\Intel(R) Management Engine Components\IPT;C:\Program Files\Intel\Intel(R) Management Engine Components\IPT;C:\WINDOWS\system32;C:\WINDOWS;C:\WINDOWS\System32\Wbem;C:\WINDOWS\System32\WindowsPowerShell\v1.0\;C:\WINDOWS\System32\OpenSSH\;D:\JDK8\db\bin;D:\MyDownloads\Qt\5.14.1\msvc2017_64\bin;D:\MyDownloads\Git\cmd;D:\Download\hadoop-common-2.2.0-bin-master\bin;D:\Download\spark\bin;D:\MyDownloads\JDK\bin;D:\Download\mysql\mysql-8.0.21-winx64\bin;D:\Program Files\apache-maven-3.6.3-bin\apache-maven-3.6.3\bin;D:\MyDownloads\JDK\bin;%DERBY_HOME%\bin;C:\Users\Lenovo\AppData\Local\Microsoft\WindowsApps";;D:\MyDownloads\PyCharm\PyCharm Community Edition 2020.1.2\bin;;D:\Download\Microsoft VS Code\bin;D:\Download\IntelliJ IDEA 2019.3.3\bin;;., java.vendor=JetBrains s.r.o, java.vm.info=mixed mode, sharing, java.vm.version=11.0.5+10-b520.38, sun.io.unicode.encoding=UnicodeLittle, maven.repo.local=D:\Program Files\apache-maven-3.6.3-bin\apache-maven-3.6.3\repository, java.class.version=55.0}}, SystemEnvironmentPropertySource@680779399 {name='systemEnvironment', properties={PATH=D:\app\Lenovo\product\12.1.0\dbhome_1\bin;C:\Program Files (x86)\Common Files\Oracle\Java\javapath;D:\MyDownloads\python\Scripts\;D:\MyDownloads\python\;C:\Program Files (x86)\Intel\iCLS Client\;C:\Program Files\Intel\iCLS Client\;C:\Windows\system32;C:\Windows;C:\Windows\System32\Wbem;C:\Windows\System32\WindowsPowerShell\v1.0\;C:\Program Files (x86)\NVIDIA Corporation\PhysX\Common;C:\Program Files (x86)\Intel\Intel(R) Management Engine Components\DAL;C:\Program Files\Intel\Intel(R) Management Engine Components\DAL;C:\Program Files (x86)\Intel\Intel(R) Management Engine Components\IPT;C:\Program Files\Intel\Intel(R) Management Engine Components\IPT;C:\WINDOWS\system32;C:\WINDOWS;C:\WINDOWS\System32\Wbem;C:\WINDOWS\System32\WindowsPowerShell\v1.0\;C:\WINDOWS\System32\OpenSSH\;D:\JDK8\db\bin;D:\MyDownloads\Qt\5.14.1\msvc2017_64\bin;D:\MyDownloads\Git\cmd;D:\Download\hadoop-common-2.2.0-bin-master\bin;D:\Download\spark\bin;D:\MyDownloads\JDK\bin;D:\Download\mysql\mysql-8.0.21-winx64\bin;D:\Program Files\apache-maven-3.6.3-bin\apache-maven-3.6.3\bin;D:\MyDownloads\JDK\bin;%DERBY_HOME%\bin;C:\Users\Lenovo\AppData\Local\Microsoft\WindowsApps";;D:\MyDownloads\PyCharm\PyCharm Community Edition 2020.1.2\bin;;D:\Download\Microsoft VS Code\bin;D:\Download\IntelliJ IDEA 2019.3.3\bin;, USERDOMAIN_ROAMINGPROFILE=LAPTOP-22CCTOCR, PROCESSOR_LEVEL=6, SYSTEMDRIVE=C:, SESSIONNAME=Console, ALLUSERSPROFILE=C:\ProgramData, PROCESSOR_ARCHITECTURE=AMD64, DRIVERDATA=C:\Windows\System32\Drivers\DriverData, PROGRAMFILES=C:\Program Files, PSMODULEPATH=C:\Program Files\WindowsPowerShell\Modules;C:\WINDOWS\system32\WindowsPowerShell\v1.0\Modules, PROGRAMDATA=C:\ProgramData, USERNAME=Lenovo, ONEDRIVE=C:\Users\Lenovo\OneDrive, CONFIGSETROOT=C:\WINDOWS\ConfigSetRoot, PATHEXT=.COM;.EXE;.BAT;.CMD;.VBS;.VBE;.JS;.JSE;.WSF;.WSH;.MSC;.PY;.PYW, WINDIR=C:\WINDOWS, HOMEPATH=\Users\Lenovo, MYSQL_HOME=D:\MySQL, PROCESSOR_IDENTIFIER=Intel64 Family 6 Model 142 Stepping 10, GenuineIntel, HADOOP_HOME=D:\Download\hadoop-common-2.2.0-bin-master, PUBLIC=C:\Users\Public, =::=::\, PYCHARM COMMUNITY EDITION=D:\MyDownloads\PyCharm\PyCharm Community Edition 2020.1.2\bin;, LOCALAPPDATA=C:\Users\Lenovo\AppData\Local, COMMONPROGRAMFILES(X86)=C:\Program Files (x86)\Common Files, USERDOMAIN=LAPTOP-22CCTOCR, LOGONSERVER=\\LAPTOP-22CCTOCR, JAVA_HOME=D:\MyDownloads\JDK, PROMPT=$P$G, PROGRAMFILES(X86)=C:\Program Files (x86), INTELLIJ IDEA=D:\Download\IntelliJ IDEA 2019.3.3\bin;, APPDATA=C:\Users\Lenovo\AppData\Roaming, SPARK_HOME=D:\Download\spark, PROGRAMW6432=C:\Program Files, SYSTEMROOT=C:\WINDOWS, JETBRAINS_LICENSE_SERVER=http://fls.jetbrains-agent.com, OS=Windows_NT, COMMONPROGRAMW6432=C:\Program Files\Common Files, COMPUTERNAME=LAPTOP-22CCTOCR, COMMONPROGRAMFILES=C:\Program Files\Common Files, COMSPEC=C:\WINDOWS\system32\cmd.exe, PROCESSOR_REVISION=8e0a, CLASSPATH=.;D:\MyDownloads\JDK\lib;D:\MyDownloads\JDK\lib\tools.jar, =D:=D:\workspace\JAVA\redis-demo, TEMP=C:\Users\Lenovo\AppData\Local\Temp, HOMEDRIVE=C:, USERPROFILE=C:\Users\Lenovo, TMP=C:\Users\Lenovo\AppData\Local\Temp, NUMBER_OF_PROCESSORS=8, IDEA_INITIAL_DIRECTORY=C:\WINDOWS\System32}}]
20:42:09.565 [main] DEBUG org.springframework.core.io.support.PathMatchingResourcePatternResolver - Resolved classpath location [com/bjtu/redis/] to resources [URL [file:/D:/workspace/JAVA/redis-demo/target/test-classes/com/bjtu/redis/], URL [file:/D:/workspace/JAVA/redis-demo/target/classes/com/bjtu/redis/]]
20:42:09.566 [main] DEBUG org.springframework.core.io.support.PathMatchingResourcePatternResolver - Looking for matching resources in directory tree [D:\workspace\JAVA\redis-demo\target\test-classes\com\bjtu\redis]
20:42:09.566 [main] DEBUG org.springframework.core.io.support.PathMatchingResourcePatternResolver - Searching directory [D:\workspace\JAVA\redis-demo\target\test-classes\com\bjtu\redis] for files matching pattern [D:/workspace/JAVA/redis-demo/target/test-classes/com/bjtu/redis/*.class]
20:42:09.569 [main] DEBUG org.springframework.core.io.support.PathMatchingResourcePatternResolver - Looking for matching resources in directory tree [D:\workspace\JAVA\redis-demo\target\classes\com\bjtu\redis]
20:42:09.570 [main] DEBUG org.springframework.core.io.support.PathMatchingResourcePatternResolver - Searching directory [D:\workspace\JAVA\redis-demo\target\classes\com\bjtu\redis] for files matching pattern [D:/workspace/JAVA/redis-demo/target/classes/com/bjtu/redis/*.class]
20:42:09.572 [main] DEBUG org.springframework.core.io.support.PathMatchingResourcePatternResolver - Resolved location pattern [classpath*:com/bjtu/redis/*.class] to resources [file [D:\workspace\JAVA\redis-demo\target\test-classes\com\bjtu\redis\RedisDemoApplicationTests.class], file [D:\workspace\JAVA\redis-demo\target\classes\com\bjtu\redis\ActionCounter.class], file [D:\workspace\JAVA\redis-demo\target\classes\com\bjtu\redis\ActionExecutor.class], file [D:\workspace\JAVA\redis-demo\target\classes\com\bjtu\redis\ActionJsonLoader.class], file [D:\workspace\JAVA\redis-demo\target\classes\com\bjtu\redis\CounterJsonLoader.class], file [D:\workspace\JAVA\redis-demo\target\classes\com\bjtu\redis\JedisInstance$SingletonEnum.class], file [D:\workspace\JAVA\redis-demo\target\classes\com\bjtu\redis\JedisInstance.class], file [D:\workspace\JAVA\redis-demo\target\classes\com\bjtu\redis\JedisUtil.class], file [D:\workspace\JAVA\redis-demo\target\classes\com\bjtu\redis\MyAction.class], file [D:\workspace\JAVA\redis-demo\target\classes\com\bjtu\redis\MyCounter.class], file [D:\workspace\JAVA\redis-demo\target\classes\com\bjtu\redis\MyJsonMonitor.class], file [D:\workspace\JAVA\redis-demo\target\classes\com\bjtu\redis\MyLock.class], file [D:\workspace\JAVA\redis-demo\target\classes\com\bjtu\redis\RedisDemoApplication.class]]
20:42:09.638 [main] DEBUG org.springframework.context.annotation.ClassPathScanningCandidateComponentProvider - Identified candidate component class: file [D:\workspace\JAVA\redis-demo\target\classes\com\bjtu\redis\RedisDemoApplication.class]
20:42:09.639 [main] INFO org.springframework.boot.test.context.SpringBootTestContextBootstrapper - Found @SpringBootConfiguration com.bjtu.redis.RedisDemoApplication for test class com.bjtu.redis.RedisDemoApplicationTests
20:42:09.643 [main] DEBUG org.springframework.boot.test.context.SpringBootTestContextBootstrapper - @TestExecutionListeners is not present for class [com.bjtu.redis.RedisDemoApplicationTests]: using defaults.
20:42:09.657 [main] INFO org.springframework.boot.test.context.SpringBootTestContextBootstrapper - Loaded default TestExecutionListener class names from location [META-INF/spring.factories]: [org.springframework.boot.test.mock.mockito.MockitoTestExecutionListener, org.springframework.boot.test.mock.mockito.ResetMocksTestExecutionListener, org.springframework.boot.test.autoconfigure.restdocs.RestDocsTestExecutionListener, org.springframework.boot.test.autoconfigure.web.client.MockRestServiceServerResetTestExecutionListener, org.springframework.boot.test.autoconfigure.web.servlet.MockMvcPrintOnlyOnFailureTestExecutionListener, org.springframework.boot.test.autoconfigure.web.servlet.WebDriverTestExecutionListener, org.springframework.test.context.web.ServletTestExecutionListener, org.springframework.test.context.support.DirtiesContextBeforeModesTestExecutionListener, org.springframework.test.context.support.DependencyInjectionTestExecutionListener, org.springframework.test.context.support.DirtiesContextTestExecutionListener, org.springframework.test.context.transaction.TransactionalTestExecutionListener, org.springframework.test.context.jdbc.SqlScriptsTestExecutionListener]
20:42:09.677 [main] DEBUG org.springframework.boot.test.context.SpringBootTestContextBootstrapper - Could not instantiate TestExecutionListener [org.springframework.test.context.web.ServletTestExecutionListener]. Specify custom listener classes or make the default listener classes (and their required dependencies) available. Offending class: [javax/servlet/ServletContext]
20:42:09.689 [main] INFO org.springframework.boot.test.context.SpringBootTestContextBootstrapper - Using TestExecutionListeners: [org.springframework.test.context.support.DirtiesContextBeforeModesTestExecutionListener@59309333, org.springframework.boot.test.mock.mockito.MockitoTestExecutionListener@5876a9af, org.springframework.boot.test.autoconfigure.SpringBootDependencyInjectionTestExecutionListener@7ec7ffd3, org.springframework.test.context.support.DirtiesContextTestExecutionListener@5b239d7d, org.springframework.test.context.transaction.TransactionalTestExecutionListener@6572421, org.springframework.test.context.jdbc.SqlScriptsTestExecutionListener@6b81ce95, org.springframework.boot.test.mock.mockito.ResetMocksTestExecutionListener@2a798d51, org.springframework.boot.test.autoconfigure.restdocs.RestDocsTestExecutionListener@6d763516, org.springframework.boot.test.autoconfigure.web.client.MockRestServiceServerResetTestExecutionListener@52bf72b5, org.springframework.boot.test.autoconfigure.web.servlet.MockMvcPrintOnlyOnFailureTestExecutionListener@37afeb11, org.springframework.boot.test.autoconfigure.web.servlet.WebDriverTestExecutionListener@515aebb0]
20:42:09.694 [main] DEBUG org.springframework.test.annotation.ProfileValueUtils - Retrieved @ProfileValueSourceConfiguration [null] for test class [com.bjtu.redis.RedisDemoApplicationTests]
20:42:09.695 [main] DEBUG org.springframework.test.annotation.ProfileValueUtils - Retrieved ProfileValueSource type [class org.springframework.test.annotation.SystemProfileValueSource] for class [com.bjtu.redis.RedisDemoApplicationTests]
]]></system-out>
  </testcase>
</testsuite>